[ 2016-08-02T22:17:02+08:00 ] 192.168.0.185 /intendant/Site/fileBackup
INFO: [ app_init ] --START--
INFO: Run Behavior\BuildLiteBehavior [ RunTime:0.000012s ]
INFO: [ app_init ] --END-- [ RunTime:0.000266s ]
INFO: [ app_begin ] --START--
INFO: Run Behavior\ReadHtmlCacheBehavior [ RunTime:0.000214s ]
INFO: [ app_begin ] --END-- [ RunTime:0.000241s ]
SQL: SHOW COLUMNS FROM `hm_auth_group_access` [ RunTime:0.0005s ]
SQL: SELECT `uid`,`group_id`,`title`,`rules` FROM hm_auth_group_access a INNER JOIN hm_auth_group g on a.group_id=g.id  WHERE ( a.uid='1' and g.status='1' )  [ RunTime:0.0002s ]
INFO: [ view_parse ] --START--
INFO: [ template_filter ] --START--
INFO: Run Behavior\ContentReplaceBehavior [ RunTime:0.000026s ]
INFO: [ template_filter ] --END-- [ RunTime:0.000049s ]
INFO: Run Behavior\ParseTemplateBehavior [ RunTime:0.008682s ]
INFO: [ view_parse ] --END-- [ RunTime:0.008723s ]
INFO: [ view_filter ] --START--
INFO: Run Behavior\WriteHtmlCacheBehavior [ RunTime:0.000228s ]
INFO: [ view_filter ] --END-- [ RunTime:0.000251s ]
INFO: [ app_end ] --START--
INFO: Run Behavior\ShowPageTraceBehavior [ RunTime:0.000203s ]
INFO: [ app_end ] --END-- [ RunTime:0.000225s ]

[ 2016-08-02T22:17:05+08:00 ] 192.168.0.185 /Intendant/Site/sendFileZip/file/20160730-180120.zip
INFO: [ app_init ] --START--
INFO: Run Behavior\BuildLiteBehavior [ RunTime:0.000013s ]
INFO: [ app_init ] --END-- [ RunTime:0.000239s ]
INFO: [ app_begin ] --START--
INFO: Run Behavior\ReadHtmlCacheBehavior [ RunTime:0.000175s ]
INFO: [ app_begin ] --END-- [ RunTime:0.000215s ]
SQL: SHOW COLUMNS FROM `hm_auth_group_access` [ RunTime:0.0007s ]
SQL: SELECT `uid`,`group_id`,`title`,`rules` FROM hm_auth_group_access a INNER JOIN hm_auth_group g on a.group_id=g.id  WHERE ( a.uid='1' and g.status='1' )  [ RunTime:0.0003s ]
SQL: SHOW COLUMNS FROM `hm_operate_log` [ RunTime:0.0005s ]
SQL: INSERT INTO `hm_operate_log` (`username`,`ip`,`time`,`country`,`useragent`,`info`,`get`,`status`) VALUES ('iteny','192.168.0.185','1470147425','局域网','Chrome/51.0.2704.106 Safari/537.36','提示语：发送成功20160730-180120.zip<br/>模块：Intendant,控制器：Site,方法：sendFileZip<br/>请求方式：GET','http://sina.com/intendant/Site/fileBackup','1') [ RunTime:0.0011s ]

[ 2016-08-02T22:19:30+08:00 ] 192.168.0.185 /intendant/Site/fileBackup
INFO: [ app_init ] --START--
INFO: Run Behavior\BuildLiteBehavior [ RunTime:0.000010s ]
INFO: [ app_init ] --END-- [ RunTime:0.000233s ]
INFO: [ app_begin ] --START--
INFO: Run Behavior\ReadHtmlCacheBehavior [ RunTime:0.000210s ]
INFO: [ app_begin ] --END-- [ RunTime:0.000238s ]
SQL: SHOW COLUMNS FROM `hm_auth_group_access` [ RunTime:0.0005s ]
SQL: SELECT `uid`,`group_id`,`title`,`rules` FROM hm_auth_group_access a INNER JOIN hm_auth_group g on a.group_id=g.id  WHERE ( a.uid='1' and g.status='1' )  [ RunTime:0.0002s ]
INFO: [ view_parse ] --START--
INFO: [ template_filter ] --START--
INFO: Run Behavior\ContentReplaceBehavior [ RunTime:0.000026s ]
INFO: [ template_filter ] --END-- [ RunTime:0.000051s ]
INFO: Run Behavior\ParseTemplateBehavior [ RunTime:0.007360s ]
INFO: [ view_parse ] --END-- [ RunTime:0.007398s ]
INFO: [ view_filter ] --START--
INFO: Run Behavior\WriteHtmlCacheBehavior [ RunTime:0.000227s ]
INFO: [ view_filter ] --END-- [ RunTime:0.000250s ]
INFO: [ app_end ] --START--
INFO: Run Behavior\ShowPageTraceBehavior [ RunTime:0.000220s ]
INFO: [ app_end ] --END-- [ RunTime:0.000243s ]

[ 2016-08-02T22:20:44+08:00 ] 192.168.0.185 /intendant/Site/fileBackup
INFO: [ app_init ] --START--
INFO: Run Behavior\BuildLiteBehavior [ RunTime:0.000010s ]
INFO: [ app_init ] --END-- [ RunTime:0.000240s ]
INFO: [ app_begin ] --START--
INFO: Run Behavior\ReadHtmlCacheBehavior [ RunTime:0.000232s ]
INFO: [ app_begin ] --END-- [ RunTime:0.000282s ]
SQL: SHOW COLUMNS FROM `hm_auth_group_access` [ RunTime:0.0005s ]
SQL: SELECT `uid`,`group_id`,`title`,`rules` FROM hm_auth_group_access a INNER JOIN hm_auth_group g on a.group_id=g.id  WHERE ( a.uid='1' and g.status='1' )  [ RunTime:0.0002s ]
INFO: [ view_parse ] --START--
INFO: [ template_filter ] --START--
INFO: Run Behavior\ContentReplaceBehavior [ RunTime:0.000027s ]
INFO: [ template_filter ] --END-- [ RunTime:0.000051s ]
INFO: Run Behavior\ParseTemplateBehavior [ RunTime:0.007291s ]
INFO: [ view_parse ] --END-- [ RunTime:0.007331s ]
INFO: [ view_filter ] --START--
INFO: Run Behavior\WriteHtmlCacheBehavior [ RunTime:0.000239s ]
INFO: [ view_filter ] --END-- [ RunTime:0.000261s ]
INFO: [ app_end ] --START--
INFO: Run Behavior\ShowPageTraceBehavior [ RunTime:0.000213s ]
INFO: [ app_end ] --END-- [ RunTime:0.000237s ]

[ 2016-08-02T22:20:51+08:00 ] 192.168.0.185 /Intendant/Site/sendFileZip/file/20160730-180120.zip
INFO: [ app_init ] --START--
INFO: Run Behavior\BuildLiteBehavior [ RunTime:0.000010s ]
INFO: [ app_init ] --END-- [ RunTime:0.000066s ]
INFO: [ app_begin ] --START--
INFO: Run Behavior\ReadHtmlCacheBehavior [ RunTime:0.000167s ]
INFO: [ app_begin ] --END-- [ RunTime:0.000194s ]
SQL: SHOW COLUMNS FROM `hm_auth_group_access` [ RunTime:0.0005s ]
SQL: SELECT `uid`,`group_id`,`title`,`rules` FROM hm_auth_group_access a INNER JOIN hm_auth_group g on a.group_id=g.id  WHERE ( a.uid='1' and g.status='1' )  [ RunTime:0.0002s ]
SQL: SHOW COLUMNS FROM `hm_operate_log` [ RunTime:0.0006s ]
SQL: INSERT INTO `hm_operate_log` (`username`,`ip`,`time`,`country`,`useragent`,`info`,`get`,`status`) VALUES ('iteny','192.168.0.185','1470147651','局域网','Chrome/51.0.2704.106 Safari/537.36','提示语：发送成功20160730-180120.zip<br/>模块：Intendant,控制器：Site,方法：sendFileZip<br/>请求方式：GET','http://sina.com/intendant/Site/fileBackup','1') [ RunTime:0.0014s ]

[ 2016-08-02T22:20:55+08:00 ] 192.168.0.185 /intendant/Site/dataBase/type/export
INFO: [ app_init ] --START--
INFO: Run Behavior\BuildLiteBehavior [ RunTime:0.000009s ]
INFO: [ app_init ] --END-- [ RunTime:0.000202s ]
INFO: [ app_begin ] --START--
INFO: Run Behavior\ReadHtmlCacheBehavior [ RunTime:0.000211s ]
INFO: [ app_begin ] --END-- [ RunTime:0.000249s ]
SQL: SHOW COLUMNS FROM `hm_auth_group_access` [ RunTime:0.0008s ]
SQL: SELECT `uid`,`group_id`,`title`,`rules` FROM hm_auth_group_access a INNER JOIN hm_auth_group g on a.group_id=g.id  WHERE ( a.uid='1' and g.status='1' )  [ RunTime:0.0003s ]
SQL: SHOW TABLE STATUS [ RunTime:0.0005s ]
NOTIC: [8] Undefined index: Index_length /mnt/hgfs/demo/thinkphp-hema-admin/Application/Intendant/Controller/SiteController.class.php 第 708 行.
NOTIC: [8] Undefined index: Index_length /mnt/hgfs/demo/thinkphp-hema-admin/Application/Intendant/Controller/SiteController.class.php 第 709 行.
NOTIC: [8] Undefined variable: total /mnt/hgfs/demo/thinkphp-hema-admin/Application/Intendant/Controller/SiteController.class.php 第 709 行.
NOTIC: [8] Undefined index: Index_length /mnt/hgfs/demo/thinkphp-hema-admin/Application/Intendant/Controller/SiteController.class.php 第 708 行.
NOTIC: [8] Undefined index: Index_length /mnt/hgfs/demo/thinkphp-hema-admin/Application/Intendant/Controller/SiteController.class.php 第 709 行.
NOTIC: [8] Undefined index: Index_length /mnt/hgfs/demo/thinkphp-hema-admin/Application/Intendant/Controller/SiteController.class.php 第 708 行.
NOTIC: [8] Undefined index: Index_length /mnt/hgfs/demo/thinkphp-hema-admin/Application/Intendant/Controller/SiteController.class.php 第 709 行.
NOTIC: [8] Undefined index: Index_length /mnt/hgfs/demo/thinkphp-hema-admin/Application/Intendant/Controller/SiteController.class.php 第 708 行.
NOTIC: [8] Undefined index: Index_length /mnt/hgfs/demo/thinkphp-hema-admin/Application/Intendant/Controller/SiteController.class.php 第 709 行.
NOTIC: [8] Undefined index: Index_length /mnt/hgfs/demo/thinkphp-hema-admin/Application/Intendant/Controller/SiteController.class.php 第 708 行.
NOTIC: [8] Undefined index: Index_length /mnt/hgfs/demo/thinkphp-hema-admin/Application/Intendant/Controller/SiteController.class.php 第 709 行.
NOTIC: [8] Undefined index: Index_length /mnt/hgfs/demo/thinkphp-hema-admin/Application/Intendant/Controller/SiteController.class.php 第 708 行.
NOTIC: [8] Undefined index: Index_length /mnt/hgfs/demo/thinkphp-hema-admin/Application/Intendant/Controller/SiteController.class.php 第 709 行.
NOTIC: [8] Undefined index: Index_length /mnt/hgfs/demo/thinkphp-hema-admin/Application/Intendant/Controller/SiteController.class.php 第 708 行.
NOTIC: [8] Undefined index: Index_length /mnt/hgfs/demo/thinkphp-hema-admin/Application/Intendant/Controller/SiteController.class.php 第 709 行.
NOTIC: [8] Undefined index: Index_length /mnt/hgfs/demo/thinkphp-hema-admin/Application/Intendant/Controller/SiteController.class.php 第 708 行.
NOTIC: [8] Undefined index: Index_length /mnt/hgfs/demo/thinkphp-hema-admin/Application/Intendant/Controller/SiteController.class.php 第 709 行.
NOTIC: [8] Undefined index: Index_length /mnt/hgfs/demo/thinkphp-hema-admin/Application/Intendant/Controller/SiteController.class.php 第 708 行.
NOTIC: [8] Undefined index: Index_length /mnt/hgfs/demo/thinkphp-hema-admin/Application/Intendant/Controller/SiteController.class.php 第 709 行.
INFO: [ view_parse ] --START--
INFO: [ template_filter ] --START--
INFO: Run Behavior\ContentReplaceBehavior [ RunTime:0.000030s ]
INFO: [ template_filter ] --END-- [ RunTime:0.000055s ]
INFO: Run Behavior\ParseTemplateBehavior [ RunTime:0.007230s ]
INFO: [ view_parse ] --END-- [ RunTime:0.007262s ]
INFO: [ view_filter ] --START--
INFO: Run Behavior\WriteHtmlCacheBehavior [ RunTime:0.000178s ]
INFO: [ view_filter ] --END-- [ RunTime:0.000201s ]
INFO: [ app_end ] --START--
INFO: Run Behavior\ShowPageTraceBehavior [ RunTime:0.000172s ]
INFO: [ app_end ] --END-- [ RunTime:0.000195s ]

[ 2016-08-02T22:22:15+08:00 ] 192.168.0.185 /intendant/Site/fileBackup
INFO: [ app_init ] --START--
INFO: Run Behavior\BuildLiteBehavior [ RunTime:0.000010s ]
INFO: [ app_init ] --END-- [ RunTime:0.000278s ]
INFO: [ app_begin ] --START--
INFO: Run Behavior\ReadHtmlCacheBehavior [ RunTime:0.000298s ]
INFO: [ app_begin ] --END-- [ RunTime:0.000340s ]
SQL: SHOW COLUMNS FROM `hm_auth_group_access` [ RunTime:0.0005s ]
SQL: SELECT `uid`,`group_id`,`title`,`rules` FROM hm_auth_group_access a INNER JOIN hm_auth_group g on a.group_id=g.id  WHERE ( a.uid='1' and g.status='1' )  [ RunTime:0.0002s ]
INFO: [ view_parse ] --START--
INFO: [ template_filter ] --START--
INFO: Run Behavior\ContentReplaceBehavior [ RunTime:0.000033s ]
INFO: [ template_filter ] --END-- [ RunTime:0.000057s ]
INFO: Run Behavior\ParseTemplateBehavior [ RunTime:0.007309s ]
INFO: [ view_parse ] --END-- [ RunTime:0.007346s ]
INFO: [ view_filter ] --START--
INFO: Run Behavior\WriteHtmlCacheBehavior [ RunTime:0.000220s ]
INFO: [ view_filter ] --END-- [ RunTime:0.000243s ]
INFO: [ app_end ] --START--
INFO: Run Behavior\ShowPageTraceBehavior [ RunTime:0.000204s ]
INFO: [ app_end ] --END-- [ RunTime:0.000227s ]

[ 2016-08-02T22:22:18+08:00 ] 192.168.0.185 /Intendant/Site/sendFileZip/file/20160730-180120.zip
INFO: [ app_init ] --START--
INFO: Run Behavior\BuildLiteBehavior [ RunTime:0.000015s ]
INFO: [ app_init ] --END-- [ RunTime:0.000139s ]
INFO: [ app_begin ] --START--
INFO: Run Behavior\ReadHtmlCacheBehavior [ RunTime:0.000205s ]
INFO: [ app_begin ] --END-- [ RunTime:0.000239s ]
SQL: SHOW COLUMNS FROM `hm_auth_group_access` [ RunTime:0.0005s ]
SQL: SELECT `uid`,`group_id`,`title`,`rules` FROM hm_auth_group_access a INNER JOIN hm_auth_group g on a.group_id=g.id  WHERE ( a.uid='1' and g.status='1' )  [ RunTime:0.0002s ]
SQL: SHOW COLUMNS FROM `hm_operate_log` [ RunTime:0.0006s ]
SQL: INSERT INTO `hm_operate_log` (`username`,`ip`,`time`,`country`,`useragent`,`info`,`get`,`status`) VALUES ('iteny','192.168.0.185','1470147738','局域网','Chrome/51.0.2704.106 Safari/537.36','提示语：发送成功20160730-180120.zip<br/>模块：Intendant,控制器：Site,方法：sendFileZip<br/>请求方式：GET','http://sina.com/intendant/Site/fileBackup','1') [ RunTime:0.0012s ]

[ 2016-08-02T22:24:00+08:00 ] 192.168.0.185 /intendant/Site/fileBackup
INFO: [ app_init ] --START--
INFO: Run Behavior\BuildLiteBehavior [ RunTime:0.000016s ]
INFO: [ app_init ] --END-- [ RunTime:0.000273s ]
INFO: [ app_begin ] --START--
INFO: Run Behavior\ReadHtmlCacheBehavior [ RunTime:0.000207s ]
INFO: [ app_begin ] --END-- [ RunTime:0.000243s ]
SQL: SHOW COLUMNS FROM `hm_auth_group_access` [ RunTime:0.0005s ]
SQL: SELECT `uid`,`group_id`,`title`,`rules` FROM hm_auth_group_access a INNER JOIN hm_auth_group g on a.group_id=g.id  WHERE ( a.uid='1' and g.status='1' )  [ RunTime:0.0002s ]
INFO: [ view_parse ] --START--
INFO: [ template_filter ] --START--
INFO: Run Behavior\ContentReplaceBehavior [ RunTime:0.000027s ]
INFO: [ template_filter ] --END-- [ RunTime:0.000051s ]
INFO: Run Behavior\ParseTemplateBehavior [ RunTime:0.007546s ]
INFO: [ view_parse ] --END-- [ RunTime:0.007595s ]
INFO: [ view_filter ] --START--
INFO: Run Behavior\WriteHtmlCacheBehavior [ RunTime:0.000337s ]
INFO: [ view_filter ] --END-- [ RunTime:0.000360s ]
INFO: [ app_end ] --START--
INFO: Run Behavior\ShowPageTraceBehavior [ RunTime:0.000218s ]
INFO: [ app_end ] --END-- [ RunTime:0.000241s ]

[ 2016-08-02T22:24:03+08:00 ] 192.168.0.185 /Intendant/Site/sendFileZip/file/20160730-180120.zip
INFO: [ app_init ] --START--
INFO: Run Behavior\BuildLiteBehavior [ RunTime:0.000011s ]
INFO: [ app_init ] --END-- [ RunTime:0.000224s ]
INFO: [ app_begin ] --START--
INFO: Run Behavior\ReadHtmlCacheBehavior [ RunTime:0.000171s ]
INFO: [ app_begin ] --END-- [ RunTime:0.000197s ]
SQL: SHOW COLUMNS FROM `hm_auth_group_access` [ RunTime:0.0005s ]
SQL: SELECT `uid`,`group_id`,`title`,`rules` FROM hm_auth_group_access a INNER JOIN hm_auth_group g on a.group_id=g.id  WHERE ( a.uid='1' and g.status='1' )  [ RunTime:0.0002s ]
INFO: [ app_end ] --START--
INFO: Run Behavior\ShowPageTraceBehavior [ RunTime:0.000397s ]
INFO: [ app_end ] --END-- [ RunTime:0.000450s ]

[ 2016-08-02T22:24:34+08:00 ] 192.168.0.185 /intendant/Site/config
INFO: [ app_init ] --START--
INFO: Run Behavior\BuildLiteBehavior [ RunTime:0.000012s ]
INFO: [ app_init ] --END-- [ RunTime:0.000219s ]
INFO: [ app_begin ] --START--
INFO: Run Behavior\ReadHtmlCacheBehavior [ RunTime:0.000167s ]
INFO: [ app_begin ] --END-- [ RunTime:0.000194s ]
SQL: SHOW COLUMNS FROM `hm_auth_group_access` [ RunTime:0.0005s ]
SQL: SELECT `uid`,`group_id`,`title`,`rules` FROM hm_auth_group_access a INNER JOIN hm_auth_group g on a.group_id=g.id  WHERE ( a.uid='1' and g.status='1' )  [ RunTime:0.0002s ]
INFO: [ view_parse ] --START--
INFO: [ template_filter ] --START--
INFO: Run Behavior\ContentReplaceBehavior [ RunTime:0.000084s ]
INFO: [ template_filter ] --END-- [ RunTime:0.000129s ]
INFO: Run Behavior\ParseTemplateBehavior [ RunTime:0.039363s ]
INFO: [ view_parse ] --END-- [ RunTime:0.039409s ]
INFO: [ view_filter ] --START--
INFO: Run Behavior\WriteHtmlCacheBehavior [ RunTime:0.000292s ]
INFO: [ view_filter ] --END-- [ RunTime:0.000316s ]
INFO: [ app_end ] --START--
INFO: Run Behavior\ShowPageTraceBehavior [ RunTime:0.000203s ]
INFO: [ app_end ] --END-- [ RunTime:0.000232s ]

